# JRE version: OpenJDK Runtime Environment (11.0.13) (build 11.0.13+0-b1751.21-8125866)
# Java VM: OpenJDK 64-Bit Server VM (11.0.13+0-b1751.21-8125866, mixed mode, tiered, compressed oops, g1 gc, windows-amd64)
Heap:
 garbage-first heap   total 395264K, used 199629K [0x0000000080000000, 0x0000000100000000)
  region size 1024K, 16 young (16384K), 2 survivors (2048K)
 Metaspace       used 108296K, capacity 111073K, committed 111312K, reserved 1144832K
  class space    used 13961K, capacity 15015K, committed 15104K, reserved 1048576K
GC Heap History (20 events):
Event: 19.169 GC heap before
{Heap before GC invocations=32 (full 0):
 garbage-first heap   total 328704K, used 241475K [0x0000000080000000, 0x0000000100000000)
  region size 1024K, 52 young (53248K), 4 survivors (4096K)
 Metaspace       used 99753K, capacity 102290K, committed 102480K, reserved 1138688K
  class space    used 12933K, capacity 13849K, committed 13952K, reserved 1048576K
}
Event: 19.187 GC heap after
{Heap after GC invocations=33 (full 0):
 garbage-first heap   total 328704K, used 194383K [0x0000000080000000, 0x0000000100000000)
  region size 1024K, 5 young (5120K), 5 survivors (5120K)
 Metaspace       used 99753K, capacity 102290K, committed 102480K, reserved 1138688K
  class space    used 12933K, capacity 13849K, committed 13952K, reserved 1048576K
}
Event: 19.630 GC heap before
{Heap before GC invocations=33 (full 0):
 garbage-first heap   total 328704K, used 208719K [0x0000000080000000, 0x0000000100000000)
  region size 1024K, 16 young (16384K), 5 survivors (5120K)
 Metaspace       used 100065K, capacity 102573K, committed 102736K, reserved 1138688K
  class space    used 12961K, capacity 13899K, committed 13952K, reserved 1048576K
}
Event: 19.649 GC heap after
{Heap after GC invocations=34 (full 0):
 garbage-first heap   total 395264K, used 195631K [0x0000000080000000, 0x0000000100000000)
  region size 1024K, 2 young (2048K), 2 survivors (2048K)
 Metaspace       used 100065K, capacity 102573K, committed 102736K, reserved 1138688K
  class space    used 12961K, capacity 13899K, committed 13952K, reserved 1048576K
}
Event: 19.867 GC heap before
{Heap before GC invocations=34 (full 0):
 garbage-first heap   total 395264K, used 213039K [0x0000000080000000, 0x0000000100000000)
  region size 1024K, 21 young (21504K), 2 survivors (2048K)
 Metaspace       used 100730K, capacity 103340K, committed 103632K, reserved 1138688K
  class space    used 13041K, capacity 13987K, committed 14080K, reserved 1048576K
}
Event: 19.875 GC heap after
{Heap after GC invocations=35 (full 0):
 garbage-first heap   total 395264K, used 198619K [0x0000000080000000, 0x0000000100000000)
  region size 1024K, 5 young (5120K), 5 survivors (5120K)
 Metaspace       used 100730K, capacity 103340K, committed 103632K, reserved 1138688K
  class space    used 13041K, capacity 13987K, committed 14080K, reserved 1048576K
}
Event: 20.478 GC heap before
{Heap before GC invocations=35 (full 0):
 garbage-first heap   total 395264K, used 274395K [0x0000000080000000, 0x0000000100000000)
  region size 1024K, 74 young (75776K), 5 survivors (5120K)
 Metaspace       used 100959K, capacity 103552K, committed 103888K, reserved 1138688K
  class space    used 13063K, capacity 13991K, committed 14080K, reserved 1048576K
}
Event: 20.498 GC heap after
{Heap after GC invocations=36 (full 0):
 garbage-first heap   total 395264K, used 214717K [0x0000000080000000, 0x0000000100000000)
  region size 1024K, 10 young (10240K), 10 survivors (10240K)
 Metaspace       used 100959K, capacity 103552K, committed 103888K, reserved 1138688K
  class space    used 13063K, capacity 13991K, committed 14080K, reserved 1048576K
}
Event: 20.638 GC heap before
{Heap before GC invocations=37 (full 0):
 garbage-first heap   total 395264K, used 234173K [0x0000000080000000, 0x0000000100000000)
  region size 1024K, 28 young (28672K), 10 survivors (10240K)
 Metaspace       used 101103K, capacity 103716K, committed 103888K, reserved 1138688K
  class space    used 13078K, capacity 14024K, committed 14080K, reserved 1048576K
}
Event: 20.657 GC heap after
{Heap after GC invocations=38 (full 0):
 garbage-first heap   total 395264K, used 220430K [0x0000000080000000, 0x0000000100000000)
  region size 1024K, 4 young (4096K), 4 survivors (4096K)
 Metaspace       used 101103K, capacity 103716K, committed 103888K, reserved 1138688K
  class space    used 13078K, capacity 14024K, committed 14080K, reserved 1048576K
}
Event: 21.242 GC heap before
{Heap before GC invocations=38 (full 0):
 garbage-first heap   total 395264K, used 284942K [0x0000000080000000, 0x0000000100000000)
  region size 1024K, 61 young (62464K), 4 survivors (4096K)
 Metaspace       used 101613K, capacity 104213K, committed 104528K, reserved 1140736K
  class space    used 13129K, capacity 14146K, committed 14208K, reserved 1048576K
}
Event: 21.248 GC heap after
{Heap after GC invocations=39 (full 0):
 garbage-first heap   total 395264K, used 225424K [0x0000000080000000, 0x0000000100000000)
  region size 1024K, 2 young (2048K), 2 survivors (2048K)
 Metaspace       used 101613K, capacity 104213K, committed 104528K, reserved 1140736K
  class space    used 13129K, capacity 14146K, committed 14208K, reserved 1048576K
}
Event: 21.779 GC heap before
{Heap before GC invocations=40 (full 0):
 garbage-first heap   total 395264K, used 308368K [0x0000000080000000, 0x0000000100000000)
  region size 1024K, 63 young (64512K), 2 survivors (2048K)
 Metaspace       used 102063K, capacity 104723K, committed 104912K, reserved 1140736K
  class space    used 13174K, capacity 14218K, committed 14336K, reserved 1048576K
}
Event: 21.782 GC heap after
{Heap after GC invocations=41 (full 0):
 garbage-first heap   total 395264K, used 236859K [0x0000000080000000, 0x0000000100000000)
  region size 1024K, 2 young (2048K), 2 survivors (2048K)
 Metaspace       used 102063K, capacity 104723K, committed 104912K, reserved 1140736K
  class space    used 13174K, capacity 14218K, committed 14336K, reserved 1048576K
}
Event: 21.883 GC heap before
{Heap before GC invocations=41 (full 0):
 garbage-first heap   total 395264K, used 254267K [0x0000000080000000, 0x0000000100000000)
  region size 1024K, 19 young (19456K), 2 survivors (2048K)
 Metaspace       used 102089K, capacity 104723K, committed 104912K, reserved 1140736K
  class space    used 13178K, capacity 14218K, committed 14336K, reserved 1048576K
}
Event: 21.887 GC heap after
{Heap after GC invocations=42 (full 0):
 garbage-first heap   total 395264K, used 215771K [0x0000000080000000, 0x0000000100000000)
  region size 1024K, 2 young (2048K), 2 survivors (2048K)
 Metaspace       used 102089K, capacity 104723K, committed 104912K, reserved 1140736K
  class space    used 13178K, capacity 14218K, committed 14336K, reserved 1048576K
}
Event: 22.217 GC heap before
{Heap before GC invocations=42 (full 0):
 garbage-first heap   total 395264K, used 288475K [0x0000000080000000, 0x0000000100000000)
  region size 1024K, 73 young (74752K), 2 survivors (2048K)
 Metaspace       used 102094K, capacity 104723K, committed 104912K, reserved 1140736K
  class space    used 13178K, capacity 14218K, committed 14336K, reserved 1048576K
}
Event: 22.222 GC heap after
{Heap after GC invocations=43 (full 0):
 garbage-first heap   total 395264K, used 216108K [0x0000000080000000, 0x0000000100000000)
  region size 1024K, 2 young (2048K), 2 survivors (2048K)
 Metaspace       used 102094K, capacity 104723K, committed 104912K, reserved 1140736K
  class space    used 13178K, capacity 14218K, committed 14336K, reserved 1048576K
}
Event: 23.095 GC heap before
{Heap before GC invocations=44 (full 0):
 garbage-first heap   total 395264K, used 264192K [0x0000000080000000, 0x0000000100000000)
  region size 1024K, 78 young (79872K), 2 survivors (2048K)
 Metaspace       used 106842K, capacity 109523K, committed 109776K, reserved 1144832K
  class space    used 13801K, capacity 14838K, committed 14848K, reserved 1048576K
}
Event: 23.098 GC heap after
{Heap after GC invocations=45 (full 0):
 garbage-first heap   total 395264K, used 184269K [0x0000000080000000, 0x0000000100000000)
  region size 1024K, 2 young (2048K), 2 survivors (2048K)
 Metaspace       used 106842K, capacity 109523K, committed 109776K, reserved 1144832K
  class space    used 13801K, capacity 14838K, committed 14848K, reserved 1048576K
}

