# JRE version: OpenJDK Runtime Environment (11.0.13) (build 11.0.13+0-b1751.21-8125866)
# Java VM: OpenJDK 64-Bit Server VM (11.0.13+0-b1751.21-8125866, mixed mode, tiered, compressed oops, g1 gc, windows-amd64)
Heap:
 garbage-first heap   total 225280K, used 160429K [0x0000000080000000, 0x0000000100000000)
  region size 1024K, 60 young (61440K), 9 survivors (9216K)
 Metaspace       used 105220K, capacity 107747K, committed 107984K, reserved 1142784K
  class space    used 13115K, capacity 14035K, committed 14080K, reserved 1048576K
GC Heap History (20 events):
Event: 24.525 GC heap before
{Heap before GC invocations=25 (full 0):
 garbage-first heap   total 187392K, used 102308K [0x0000000080000000, 0x0000000100000000)
  region size 1024K, 8 young (8192K), 5 survivors (5120K)
 Metaspace       used 87588K, capacity 89702K, committed 90448K, reserved 1128448K
  class space    used 11173K, capacity 11947K, committed 12160K, reserved 1048576K
}
Event: 24.540 GC heap after
{Heap after GC invocations=26 (full 0):
 garbage-first heap   total 187392K, used 103041K [0x0000000080000000, 0x0000000100000000)
  region size 1024K, 3 young (3072K), 3 survivors (3072K)
 Metaspace       used 87588K, capacity 89702K, committed 90448K, reserved 1128448K
  class space    used 11173K, capacity 11947K, committed 12160K, reserved 1048576K
}
Event: 24.950 GC heap before
{Heap before GC invocations=27 (full 0):
 garbage-first heap   total 187392K, used 146049K [0x0000000080000000, 0x0000000100000000)
  region size 1024K, 28 young (28672K), 3 survivors (3072K)
 Metaspace       used 88267K, capacity 90458K, committed 90960K, reserved 1128448K
  class space    used 11224K, capacity 11994K, committed 12160K, reserved 1048576K
}
Event: 24.955 GC heap after
{Heap after GC invocations=28 (full 0):
 garbage-first heap   total 187392K, used 106414K [0x0000000080000000, 0x0000000100000000)
  region size 1024K, 4 young (4096K), 4 survivors (4096K)
 Metaspace       used 88267K, capacity 90458K, committed 90960K, reserved 1128448K
  class space    used 11224K, capacity 11994K, committed 12160K, reserved 1048576K
}
Event: 25.385 GC heap before
{Heap before GC invocations=28 (full 0):
 garbage-first heap   total 187392K, used 132014K [0x0000000080000000, 0x0000000100000000)
  region size 1024K, 30 young (30720K), 4 survivors (4096K)
 Metaspace       used 91079K, capacity 93255K, committed 93776K, reserved 1130496K
  class space    used 11458K, capacity 12256K, committed 12416K, reserved 1048576K
}
Event: 25.397 GC heap after
{Heap after GC invocations=29 (full 0):
 garbage-first heap   total 187392K, used 109936K [0x0000000080000000, 0x0000000100000000)
  region size 1024K, 4 young (4096K), 4 survivors (4096K)
 Metaspace       used 91079K, capacity 93255K, committed 93776K, reserved 1130496K
  class space    used 11458K, capacity 12256K, committed 12416K, reserved 1048576K
}
Event: 25.869 GC heap before
{Heap before GC invocations=30 (full 0):
 garbage-first heap   total 187392K, used 124272K [0x0000000080000000, 0x0000000100000000)
  region size 1024K, 30 young (30720K), 4 survivors (4096K)
 Metaspace       used 91483K, capacity 93697K, committed 94288K, reserved 1130496K
  class space    used 11479K, capacity 12271K, committed 12416K, reserved 1048576K
}
Event: 25.877 GC heap after
{Heap after GC invocations=31 (full 0):
 garbage-first heap   total 225280K, used 99731K [0x0000000080000000, 0x0000000100000000)
  region size 1024K, 3 young (3072K), 3 survivors (3072K)
 Metaspace       used 91483K, capacity 93697K, committed 94288K, reserved 1130496K
  class space    used 11479K, capacity 12271K, committed 12416K, reserved 1048576K
}
Event: 25.988 GC heap before
{Heap before GC invocations=31 (full 0):
 garbage-first heap   total 225280K, used 107923K [0x0000000080000000, 0x0000000100000000)
  region size 1024K, 11 young (11264K), 3 survivors (3072K)
 Metaspace       used 91601K, capacity 93764K, committed 94288K, reserved 1130496K
  class space    used 11489K, capacity 12272K, committed 12416K, reserved 1048576K
}
Event: 25.995 GC heap after
{Heap after GC invocations=32 (full 0):
 garbage-first heap   total 225280K, used 89758K [0x0000000080000000, 0x0000000100000000)
  region size 1024K, 2 young (2048K), 2 survivors (2048K)
 Metaspace       used 91601K, capacity 93764K, committed 94288K, reserved 1130496K
  class space    used 11489K, capacity 12272K, committed 12416K, reserved 1048576K
}
Event: 26.913 GC heap before
{Heap before GC invocations=32 (full 0):
 garbage-first heap   total 225280K, used 143006K [0x0000000080000000, 0x0000000100000000)
  region size 1024K, 53 young (54272K), 2 survivors (2048K)
 Metaspace       used 93344K, capacity 95590K, committed 96080K, reserved 1132544K
  class space    used 11646K, capacity 12474K, committed 12672K, reserved 1048576K
}
Event: 26.925 GC heap after
{Heap after GC invocations=33 (full 0):
 garbage-first heap   total 225280K, used 96327K [0x0000000080000000, 0x0000000100000000)
  region size 1024K, 7 young (7168K), 7 survivors (7168K)
 Metaspace       used 93344K, capacity 95590K, committed 96080K, reserved 1132544K
  class space    used 11646K, capacity 12474K, committed 12672K, reserved 1048576K
}
Event: 28.067 GC heap before
{Heap before GC invocations=33 (full 0):
 garbage-first heap   total 225280K, used 149574K [0x0000000080000000, 0x0000000100000000)
  region size 1024K, 60 young (61440K), 7 survivors (7168K)
 Metaspace       used 94963K, capacity 97214K, committed 97744K, reserved 1134592K
  class space    used 11791K, capacity 12616K, committed 12800K, reserved 1048576K
}
Event: 28.074 GC heap after
{Heap after GC invocations=34 (full 0):
 garbage-first heap   total 225280K, used 94355K [0x0000000080000000, 0x0000000100000000)
  region size 1024K, 3 young (3072K), 3 survivors (3072K)
 Metaspace       used 94963K, capacity 97214K, committed 97744K, reserved 1134592K
  class space    used 11791K, capacity 12616K, committed 12800K, reserved 1048576K
}
Event: 29.384 GC heap before
{Heap before GC invocations=34 (full 0):
 garbage-first heap   total 225280K, used 153747K [0x0000000080000000, 0x0000000100000000)
  region size 1024K, 62 young (63488K), 3 survivors (3072K)
 Metaspace       used 98497K, capacity 100726K, committed 101200K, reserved 1136640K
  class space    used 12230K, capacity 13036K, committed 13184K, reserved 1048576K
}
Event: 29.392 GC heap after
{Heap after GC invocations=35 (full 0):
 garbage-first heap   total 225280K, used 96596K [0x0000000080000000, 0x0000000100000000)
  region size 1024K, 5 young (5120K), 5 survivors (5120K)
 Metaspace       used 98497K, capacity 100726K, committed 101200K, reserved 1136640K
  class space    used 12230K, capacity 13036K, committed 13184K, reserved 1048576K
}
Event: 29.987 GC heap before
{Heap before GC invocations=35 (full 0):
 garbage-first heap   total 225280K, used 159060K [0x0000000080000000, 0x0000000100000000)
  region size 1024K, 67 young (68608K), 5 survivors (5120K)
 Metaspace       used 99904K, capacity 102273K, committed 102352K, reserved 1138688K
  class space    used 12384K, capacity 13237K, committed 13312K, reserved 1048576K
}
Event: 29.996 GC heap after
{Heap after GC invocations=36 (full 0):
 garbage-first heap   total 225280K, used 100684K [0x0000000080000000, 0x0000000100000000)
  region size 1024K, 7 young (7168K), 7 survivors (7168K)
 Metaspace       used 99904K, capacity 102273K, committed 102352K, reserved 1138688K
  class space    used 12384K, capacity 13237K, committed 13312K, reserved 1048576K
}
Event: 30.451 GC heap before
{Heap before GC invocations=36 (full 0):
 garbage-first heap   total 225280K, used 165196K [0x0000000080000000, 0x0000000100000000)
  region size 1024K, 71 young (72704K), 7 survivors (7168K)
 Metaspace       used 102197K, capacity 104606K, committed 104784K, reserved 1140736K
  class space    used 12712K, capacity 13611K, committed 13696K, reserved 1048576K
}
Event: 30.464 GC heap after
{Heap after GC invocations=37 (full 0):
 garbage-first heap   total 225280K, used 108205K [0x0000000080000000, 0x0000000100000000)
  region size 1024K, 9 young (9216K), 9 survivors (9216K)
 Metaspace       used 102197K, capacity 104606K, committed 104784K, reserved 1140736K
  class space    used 12712K, capacity 13611K, committed 13696K, reserved 1048576K
}

