# JRE version: OpenJDK Runtime Environment (11.0.13) (build 11.0.13+0-b1751.21-8125866)
# Java VM: OpenJDK 64-Bit Server VM (11.0.13+0-b1751.21-8125866, mixed mode, tiered, compressed oops, g1 gc, windows-amd64)
Heap:
 garbage-first heap   total 461824K, used 202088K [0x0000000080000000, 0x0000000100000000)
  region size 1024K, 3 young (3072K), 3 survivors (3072K)
 Metaspace       used 108616K, capacity 111522K, committed 111604K, reserved 1146880K
  class space    used 13828K, capacity 14972K, committed 14976K, reserved 1048576K
GC Heap History (20 events):
Event: 20.466 GC heap after
{Heap after GC invocations=31 (full 0):
 garbage-first heap   total 225280K, used 131695K [0x0000000080000000, 0x0000000100000000)
  region size 1024K, 9 young (9216K), 9 survivors (9216K)
 Metaspace       used 106925K, capacity 109733K, committed 110324K, reserved 1144832K
  class space    used 13640K, capacity 14756K, committed 14976K, reserved 1048576K
}
Event: 20.473 GC heap before
{Heap before GC invocations=31 (full 0):
 garbage-first heap   total 225280K, used 131695K [0x0000000080000000, 0x0000000100000000)
  region size 1024K, 10 young (10240K), 9 survivors (9216K)
 Metaspace       used 106925K, capacity 109733K, committed 110324K, reserved 1144832K
  class space    used 13640K, capacity 14756K, committed 14976K, reserved 1048576K
}
Event: 20.487 GC heap after
{Heap after GC invocations=32 (full 0):
 garbage-first heap   total 225280K, used 132735K [0x0000000080000000, 0x0000000100000000)
  region size 1024K, 2 young (2048K), 2 survivors (2048K)
 Metaspace       used 106925K, capacity 109733K, committed 110324K, reserved 1144832K
  class space    used 13640K, capacity 14756K, committed 14976K, reserved 1048576K
}
Event: 20.758 GC heap before
{Heap before GC invocations=32 (full 0):
 garbage-first heap   total 225280K, used 163455K [0x0000000080000000, 0x0000000100000000)
  region size 1024K, 31 young (31744K), 2 survivors (2048K)
 Metaspace       used 107699K, capacity 110550K, committed 110836K, reserved 1144832K
  class space    used 13740K, capacity 14838K, committed 14976K, reserved 1048576K
}
Event: 20.781 GC heap after
{Heap after GC invocations=33 (full 0):
 garbage-first heap   total 270336K, used 146249K [0x0000000080000000, 0x0000000100000000)
  region size 1024K, 4 young (4096K), 4 survivors (4096K)
 Metaspace       used 107699K, capacity 110550K, committed 110836K, reserved 1144832K
  class space    used 13740K, capacity 14838K, committed 14976K, reserved 1048576K
}
Event: 21.085 GC heap before
{Heap before GC invocations=34 (full 0):
 garbage-first heap   total 270336K, used 187209K [0x0000000080000000, 0x0000000100000000)
  region size 1024K, 45 young (46080K), 4 survivors (4096K)
 Metaspace       used 107879K, capacity 110683K, committed 110836K, reserved 1144832K
  class space    used 13751K, capacity 14879K, committed 14976K, reserved 1048576K
}
Event: 21.117 GC heap after
{Heap after GC invocations=35 (full 0):
 garbage-first heap   total 270336K, used 167834K [0x0000000080000000, 0x0000000100000000)
  region size 1024K, 6 young (6144K), 6 survivors (6144K)
 Metaspace       used 107879K, capacity 110683K, committed 110836K, reserved 1144832K
  class space    used 13751K, capacity 14879K, committed 14976K, reserved 1048576K
}
Event: 21.236 GC heap before
{Heap before GC invocations=35 (full 0):
 garbage-first heap   total 270336K, used 200602K [0x0000000080000000, 0x0000000100000000)
  region size 1024K, 38 young (38912K), 6 survivors (6144K)
 Metaspace       used 107914K, capacity 110747K, committed 111092K, reserved 1144832K
  class space    used 13753K, capacity 14879K, committed 14976K, reserved 1048576K
}
Event: 21.263 GC heap after
{Heap after GC invocations=36 (full 0):
 garbage-first heap   total 270336K, used 185344K [0x0000000080000000, 0x0000000100000000)
  region size 1024K, 5 young (5120K), 5 survivors (5120K)
 Metaspace       used 107914K, capacity 110747K, committed 111092K, reserved 1144832K
  class space    used 13753K, capacity 14879K, committed 14976K, reserved 1048576K
}
Event: 21.540 GC heap before
{Heap before GC invocations=36 (full 0):
 garbage-first heap   total 270336K, used 209920K [0x0000000080000000, 0x0000000100000000)
  region size 1024K, 30 young (30720K), 5 survivors (5120K)
 Metaspace       used 108104K, capacity 110982K, committed 111092K, reserved 1144832K
  class space    used 13775K, capacity 14891K, committed 14976K, reserved 1048576K
}
Event: 21.556 GC heap after
{Heap after GC invocations=37 (full 0):
 garbage-first heap   total 270336K, used 192512K [0x0000000080000000, 0x0000000100000000)
  region size 1024K, 4 young (4096K), 4 survivors (4096K)
 Metaspace       used 108104K, capacity 110982K, committed 111092K, reserved 1144832K
  class space    used 13775K, capacity 14891K, committed 14976K, reserved 1048576K
}
Event: 21.912 GC heap before
{Heap before GC invocations=38 (full 0):
 garbage-first heap   total 270336K, used 215040K [0x0000000080000000, 0x0000000100000000)
  region size 1024K, 27 young (27648K), 4 survivors (4096K)
 Metaspace       used 108376K, capacity 111268K, committed 111348K, reserved 1146880K
  class space    used 13818K, capacity 14958K, committed 14976K, reserved 1048576K
}
Event: 21.924 GC heap after
{Heap after GC invocations=39 (full 0):
 garbage-first heap   total 393216K, used 196875K [0x0000000080000000, 0x0000000100000000)
  region size 1024K, 4 young (4096K), 4 survivors (4096K)
 Metaspace       used 108376K, capacity 111268K, committed 111348K, reserved 1146880K
  class space    used 13818K, capacity 14958K, committed 14976K, reserved 1048576K
}
Event: 22.357 GC heap before
{Heap before GC invocations=39 (full 0):
 garbage-first heap   total 393216K, used 230667K [0x0000000080000000, 0x0000000100000000)
  region size 1024K, 38 young (38912K), 4 survivors (4096K)
 Metaspace       used 108464K, capacity 111360K, committed 111604K, reserved 1146880K
  class space    used 13821K, capacity 14963K, committed 14976K, reserved 1048576K
}
Event: 22.371 GC heap after
{Heap after GC invocations=40 (full 0):
 garbage-first heap   total 393216K, used 199414K [0x0000000080000000, 0x0000000100000000)
  region size 1024K, 6 young (6144K), 6 survivors (6144K)
 Metaspace       used 108464K, capacity 111360K, committed 111604K, reserved 1146880K
  class space    used 13821K, capacity 14963K, committed 14976K, reserved 1048576K
}
Event: 24.316 GC heap before
{Heap before GC invocations=41 (full 0):
 garbage-first heap   total 393216K, used 269046K [0x0000000080000000, 0x0000000100000000)
  region size 1024K, 71 young (72704K), 6 survivors (6144K)
 Metaspace       used 108600K, capacity 111508K, committed 111604K, reserved 1146880K
  class space    used 13826K, capacity 14967K, committed 14976K, reserved 1048576K
}
Event: 24.341 GC heap after
{Heap after GC invocations=42 (full 0):
 garbage-first heap   total 393216K, used 205341K [0x0000000080000000, 0x0000000100000000)
  region size 1024K, 5 young (5120K), 5 survivors (5120K)
 Metaspace       used 108600K, capacity 111508K, committed 111604K, reserved 1146880K
  class space    used 13826K, capacity 14967K, committed 14976K, reserved 1048576K
}
Event: 24.496 GC heap before
{Heap before GC invocations=42 (full 0):
 garbage-first heap   total 393216K, used 218653K [0x0000000080000000, 0x0000000100000000)
  region size 1024K, 19 young (19456K), 5 survivors (5120K)
 Metaspace       used 108616K, capacity 111522K, committed 111604K, reserved 1146880K
  class space    used 13828K, capacity 14972K, committed 14976K, reserved 1048576K
}
Event: 24.517 GC heap after
{Heap after GC invocations=43 (full 0):
 garbage-first heap   total 393216K, used 201406K [0x0000000080000000, 0x0000000100000000)
  region size 1024K, 3 young (3072K), 3 survivors (3072K)
 Metaspace       used 108616K, capacity 111522K, committed 111604K, reserved 1146880K
  class space    used 13828K, capacity 14972K, committed 14976K, reserved 1048576K
}
Event: 24.546 GC heap before
{Heap before GC invocations=43 (full 0):
 garbage-first heap   total 393216K, used 203454K [0x0000000080000000, 0x0000000100000000)
  region size 1024K, 6 young (6144K), 3 survivors (3072K)
 Metaspace       used 108616K, capacity 111522K, committed 111604K, reserved 1146880K
  class space    used 13828K, capacity 14972K, committed 14976K, reserved 1048576K
}

