# JRE version: OpenJDK Runtime Environment (11.0.13) (build 11.0.13+0-b1751.21-8125866)
# Java VM: OpenJDK 64-Bit Server VM (11.0.13+0-b1751.21-8125866, mixed mode, tiered, compressed oops, g1 gc, windows-amd64)
Heap:
 garbage-first heap   total 270336K, used 219072K [0x0000000080000000, 0x0000000100000000)
  region size 1024K, 49 young (50176K), 5 survivors (5120K)
 Metaspace       used 115842K, capacity 119027K, committed 119168K, reserved 1153024K
  class space    used 14465K, capacity 15633K, committed 15744K, reserved 1048576K
GC Heap History (20 events):
Event: 27.662 GC heap before
{Heap before GC invocations=62 (full 0):
 garbage-first heap   total 187392K, used 163598K [0x0000000080000000, 0x0000000100000000)
  region size 1024K, 20 young (20480K), 3 survivors (3072K)
 Metaspace       used 103138K, capacity 105658K, committed 105856K, reserved 1140736K
  class space    used 13252K, capacity 14139K, committed 14208K, reserved 1048576K
}
Event: 27.669 GC heap after
{Heap after GC invocations=63 (full 0):
 garbage-first heap   total 187392K, used 147271K [0x0000000080000000, 0x0000000100000000)
  region size 1024K, 3 young (3072K), 3 survivors (3072K)
 Metaspace       used 103138K, capacity 105658K, committed 105856K, reserved 1140736K
  class space    used 13252K, capacity 14139K, committed 14208K, reserved 1048576K
}
Event: 28.227 GC heap before
{Heap before GC invocations=63 (full 0):
 garbage-first heap   total 187392K, used 163655K [0x0000000080000000, 0x0000000100000000)
  region size 1024K, 19 young (19456K), 3 survivors (3072K)
 Metaspace       used 104355K, capacity 106934K, committed 107008K, reserved 1142784K
  class space    used 13381K, capacity 14280K, committed 14336K, reserved 1048576K
}
Event: 28.234 GC heap after
{Heap after GC invocations=64 (full 0):
 garbage-first heap   total 187392K, used 149018K [0x0000000080000000, 0x0000000100000000)
  region size 1024K, 3 young (3072K), 3 survivors (3072K)
 Metaspace       used 104355K, capacity 106934K, committed 107008K, reserved 1142784K
  class space    used 13381K, capacity 14280K, committed 14336K, reserved 1048576K
}
Event: 28.518 GC heap before
{Heap before GC invocations=65 (full 0):
 garbage-first heap   total 187392K, used 163354K [0x0000000080000000, 0x0000000100000000)
  region size 1024K, 18 young (18432K), 3 survivors (3072K)
 Metaspace       used 104608K, capacity 107241K, committed 107392K, reserved 1142784K
  class space    used 13415K, capacity 14363K, committed 14464K, reserved 1048576K
}
Event: 28.526 GC heap after
{Heap after GC invocations=66 (full 0):
 garbage-first heap   total 225280K, used 150372K [0x0000000080000000, 0x0000000100000000)
  region size 1024K, 2 young (2048K), 2 survivors (2048K)
 Metaspace       used 104608K, capacity 107241K, committed 107392K, reserved 1142784K
  class space    used 13415K, capacity 14363K, committed 14464K, reserved 1048576K
}
Event: 29.083 GC heap before
{Heap before GC invocations=66 (full 0):
 garbage-first heap   total 225280K, used 179044K [0x0000000080000000, 0x0000000100000000)
  region size 1024K, 31 young (31744K), 2 survivors (2048K)
 Metaspace       used 105097K, capacity 107689K, committed 107904K, reserved 1142784K
  class space    used 13451K, capacity 14397K, committed 14464K, reserved 1048576K
}
Event: 29.090 GC heap after
{Heap after GC invocations=67 (full 0):
 garbage-first heap   total 225280K, used 151902K [0x0000000080000000, 0x0000000100000000)
  region size 1024K, 3 young (3072K), 3 survivors (3072K)
 Metaspace       used 105097K, capacity 107689K, committed 107904K, reserved 1142784K
  class space    used 13451K, capacity 14397K, committed 14464K, reserved 1048576K
}
Event: 29.820 GC heap before
{Heap before GC invocations=68 (full 0):
 garbage-first heap   total 225280K, used 182622K [0x0000000080000000, 0x0000000100000000)
  region size 1024K, 33 young (33792K), 3 survivors (3072K)
 Metaspace       used 105891K, capacity 108491K, committed 108672K, reserved 1142784K
  class space    used 13502K, capacity 14431K, committed 14464K, reserved 1048576K
}
Event: 29.830 GC heap after
{Heap after GC invocations=69 (full 0):
 garbage-first heap   total 225280K, used 154234K [0x0000000080000000, 0x0000000100000000)
  region size 1024K, 5 young (5120K), 5 survivors (5120K)
 Metaspace       used 105891K, capacity 108491K, committed 108672K, reserved 1142784K
  class space    used 13502K, capacity 14431K, committed 14464K, reserved 1048576K
}
Event: 30.420 GC heap before
{Heap before GC invocations=69 (full 0):
 garbage-first heap   total 225280K, used 183930K [0x0000000080000000, 0x0000000100000000)
  region size 1024K, 35 young (35840K), 5 survivors (5120K)
 Metaspace       used 107817K, capacity 110665K, committed 110848K, reserved 1144832K
  class space    used 13730K, capacity 14760K, committed 14848K, reserved 1048576K
}
Event: 30.429 GC heap after
{Heap after GC invocations=70 (full 0):
 garbage-first heap   total 225280K, used 155944K [0x0000000080000000, 0x0000000100000000)
  region size 1024K, 4 young (4096K), 4 survivors (4096K)
 Metaspace       used 107817K, capacity 110665K, committed 110848K, reserved 1144832K
  class space    used 13730K, capacity 14760K, committed 14848K, reserved 1048576K
}
Event: 308.468 GC heap before
{Heap before GC invocations=71 (full 0):
 garbage-first heap   total 225280K, used 186664K [0x0000000080000000, 0x0000000100000000)
  region size 1024K, 35 young (35840K), 4 survivors (4096K)
 Metaspace       used 110948K, capacity 113759K, committed 114048K, reserved 1148928K
  class space    used 13913K, capacity 14936K, committed 14976K, reserved 1048576K
}
Event: 308.479 GC heap after
{Heap after GC invocations=72 (full 0):
 garbage-first heap   total 270336K, used 157261K [0x0000000080000000, 0x0000000100000000)
  region size 1024K, 4 young (4096K), 4 survivors (4096K)
 Metaspace       used 110948K, capacity 113759K, committed 114048K, reserved 1148928K
  class space    used 13913K, capacity 14936K, committed 14976K, reserved 1048576K
}
Event: 310.119 GC heap before
{Heap before GC invocations=72 (full 0):
 garbage-first heap   total 270336K, used 205389K [0x0000000080000000, 0x0000000100000000)
  region size 1024K, 52 young (53248K), 4 survivors (4096K)
 Metaspace       used 113452K, capacity 116655K, committed 116864K, reserved 1150976K
  class space    used 14258K, capacity 15429K, committed 15488K, reserved 1048576K
}
Event: 310.138 GC heap after
{Heap after GC invocations=73 (full 0):
 garbage-first heap   total 270336K, used 162232K [0x0000000080000000, 0x0000000100000000)
  region size 1024K, 7 young (7168K), 7 survivors (7168K)
 Metaspace       used 113452K, capacity 116655K, committed 116864K, reserved 1150976K
  class space    used 14258K, capacity 15429K, committed 15488K, reserved 1048576K
}
Event: 311.665 GC heap before
{Heap before GC invocations=74 (full 0):
 garbage-first heap   total 270336K, used 211384K [0x0000000080000000, 0x0000000100000000)
  region size 1024K, 56 young (57344K), 7 survivors (7168K)
 Metaspace       used 115120K, capacity 118423K, committed 118656K, reserved 1153024K
  class space    used 14421K, capacity 15624K, committed 15744K, reserved 1048576K
}
Event: 311.680 GC heap after
{Heap after GC invocations=75 (full 0):
 garbage-first heap   total 270336K, used 168856K [0x0000000080000000, 0x0000000100000000)
  region size 1024K, 7 young (7168K), 7 survivors (7168K)
 Metaspace       used 115120K, capacity 118423K, committed 118656K, reserved 1153024K
  class space    used 14421K, capacity 15624K, committed 15744K, reserved 1048576K
}
Event: 312.030 GC heap before
{Heap before GC invocations=75 (full 0):
 garbage-first heap   total 270336K, used 181144K [0x0000000080000000, 0x0000000100000000)
  region size 1024K, 21 young (21504K), 7 survivors (7168K)
 Metaspace       used 115168K, capacity 118423K, committed 118656K, reserved 1153024K
  class space    used 14421K, capacity 15624K, committed 15744K, reserved 1048576K
}
Event: 312.066 GC heap after
{Heap after GC invocations=76 (full 0):
 garbage-first heap   total 270336K, used 172992K [0x0000000080000000, 0x0000000100000000)
  region size 1024K, 5 young (5120K), 5 survivors (5120K)
 Metaspace       used 115168K, capacity 118423K, committed 118656K, reserved 1153024K
  class space    used 14421K, capacity 15624K, committed 15744K, reserved 1048576K
}

